<?xml version="1.0" encoding="UTF-8"?>
<testsuite xmlns:xsi="http://www.w3.org/2001/XMLSchema-instance" xsi:noNamespaceSchemaLocation="https://maven.apache.org/surefire/maven-surefire-plugin/xsd/surefire-test-report-3.0.xsd" version="3.0" name="TestSuite" time="43.622" tests="16" errors="0" skipped="0" failures="2">
  <properties>
[...]
</properties>
  <testcase name="verifyUrlTest" classname="com.qa.opencart.test.HomePageTest" time="0.263">
    <system-out><![CDATA[...
... TestNG 7.8.0 by Cédric Beust (cedric@beust.com)
...

Browser name is: edge
Browser name is: edge
Browser name is: edge
Browser name is: edge
URL is: https://naveenautomationlabs.com/opencart/
URL is: https://naveenautomationlabs.com/opencart/
]]></system-out>
    <system-err><![CDATA[SLF4J: Failed to load class "org.slf4j.impl.StaticLoggerBinder".
SLF4J: Defaulting to no-operation (NOP) logger implementation
SLF4J: See http://www.slf4j.org/codes.html#StaticLoggerBinder for further details.
]]></system-err>
  </testcase>
  <testcase name="verifyUrlTest" classname="com.qa.opencart.test.HomePageTest" time="0.29"/>
  <testcase name="verifyTitleTest" classname="com.qa.opencart.test.HomePageTest" time="0.298">
    <system-out><![CDATA[Title is: Your Store
Title is: Your Store
]]></system-out>
  </testcase>
  <testcase name="verifyTitleTest" classname="com.qa.opencart.test.HomePageTest" time="0.298"/>
  <testcase name="verifySearchTest[Macbook](1)" classname="com.qa.opencart.test.HomePageTest" time="0.029">
    <system-out><![CDATA[Entering email id: abc123@gmail.com
]]></system-out>
  </testcase>
  <testcase name="verifySearchTest[Macbook](1)" classname="com.qa.opencart.test.HomePageTest" time="0.212"/>
  <testcase name="verifySearchTest[iMac](2)" classname="com.qa.opencart.test.HomePageTest" time="0.739">
    <system-out><![CDATA[Entering password: Nailed@123
Clicking Login button...
]]></system-out>
  </testcase>
  <testcase name="verifySearchTest[iMac](2)" classname="com.qa.opencart.test.HomePageTest" time="0.132"/>
  <testcase name="verifySearchTest[Samsung](3)" classname="com.qa.opencart.test.HomePageTest" time="1.815"/>
  <testcase name="verifySearchTest[Samsung](3)" classname="com.qa.opencart.test.HomePageTest" time="1.866"/>
  <testcase name="loginPageNavigationTest" classname="com.qa.opencart.test.LoginPageTest" time="1.623">
    <system-out><![CDATA[Actual login page title: Account Login
]]></system-out>
  </testcase>
  <testcase name="loginPageNavigationTest" classname="com.qa.opencart.test.LoginPageTest" time="0.908">
    <system-out><![CDATA[Actual login page title: Account Login
]]></system-out>
  </testcase>
  <testcase name="isForgotPasswordLinkExist" classname="com.qa.opencart.test.LoginPageTest" time="0.138"/>
  <testcase name="isForgotPasswordLinkExist" classname="com.qa.opencart.test.LoginPageTest" time="0.05"/>
  <testcase name="doLoginTest" classname="com.qa.opencart.test.LoginPageTest" time="0.141">
    <failure message="expected [true] but found [false]" type="java.lang.AssertionError"><![CDATA[java.lang.AssertionError: expected [true] but found [false]
	at org.testng.Assert.fail(Assert.java:111)
	at org.testng.Assert.failNotEquals(Assert.java:1578)
	at org.testng.Assert.assertTrue(Assert.java:57)
	at org.testng.Assert.assertTrue(Assert.java:67)
	at com.qa.opencart.test.LoginPageTest.doLoginTest(LoginPageTest.java:35)
	at java.base/jdk.internal.reflect.NativeMethodAccessorImpl.invoke0(Native Method)
	at java.base/jdk.internal.reflect.NativeMethodAccessorImpl.invoke(NativeMethodAccessorImpl.java:62)
	at java.base/jdk.internal.reflect.DelegatingMethodAccessorImpl.invoke(DelegatingMethodAccessorImpl.java:43)
	at java.base/java.lang.reflect.Method.invoke(Method.java:566)
	at org.testng.internal.invokers.MethodInvocationHelper.invokeMethod(MethodInvocationHelper.java:139)
	at org.testng.internal.invokers.TestInvoker.invokeMethod(TestInvoker.java:664)
	at org.testng.internal.invokers.TestInvoker.invokeTestMethod(TestInvoker.java:227)
	at org.testng.internal.invokers.MethodRunner.runInSequence(MethodRunner.java:50)
	at org.testng.internal.invokers.TestInvoker$MethodInvocationAgent.invoke(TestInvoker.java:957)
	at org.testng.internal.invokers.TestInvoker.invokeTestMethods(TestInvoker.java:200)
	at org.testng.internal.invokers.TestMethodWorker.invokeTestMethods(TestMethodWorker.java:148)
	at org.testng.internal.invokers.TestMethodWorker.run(TestMethodWorker.java:128)
	at java.base/java.util.ArrayList.forEach(ArrayList.java:1541)
	at org.testng.TestRunner.privateRun(TestRunner.java:848)
	at org.testng.TestRunner.run(TestRunner.java:621)
	at org.testng.SuiteRunner.runTest(SuiteRunner.java:443)
	at org.testng.SuiteRunner$SuiteWorker.run(SuiteRunner.java:481)
	at org.testng.internal.thread.ThreadUtil.lambda$execute$0(ThreadUtil.java:58)
	at java.base/java.util.concurrent.FutureTask.run(FutureTask.java:264)
	at java.base/java.util.concurrent.ThreadPoolExecutor.runWorker(ThreadPoolExecutor.java:1128)
	at java.base/java.util.concurrent.ThreadPoolExecutor$Worker.run(ThreadPoolExecutor.java:628)
	at java.base/java.lang.Thread.run(Thread.java:834)
]]></failure>
  </testcase>
  <testcase name="doLoginTest" classname="com.qa.opencart.test.LoginPageTest" time="1.063">
    <failure message="expected [true] but found [false]" type="java.lang.AssertionError"><![CDATA[java.lang.AssertionError: expected [true] but found [false]
	at org.testng.Assert.fail(Assert.java:111)
	at org.testng.Assert.failNotEquals(Assert.java:1578)
	at org.testng.Assert.assertTrue(Assert.java:57)
	at org.testng.Assert.assertTrue(Assert.java:67)
	at com.qa.opencart.test.LoginPageTest.doLoginTest(LoginPageTest.java:35)
	at java.base/jdk.internal.reflect.NativeMethodAccessorImpl.invoke0(Native Method)
	at java.base/jdk.internal.reflect.NativeMethodAccessorImpl.invoke(NativeMethodAccessorImpl.java:62)
	at java.base/jdk.internal.reflect.DelegatingMethodAccessorImpl.invoke(DelegatingMethodAccessorImpl.java:43)
	at java.base/java.lang.reflect.Method.invoke(Method.java:566)
	at org.testng.internal.invokers.MethodInvocationHelper.invokeMethod(MethodInvocationHelper.java:139)
	at org.testng.internal.invokers.TestInvoker.invokeMethod(TestInvoker.java:664)
	at org.testng.internal.invokers.TestInvoker.invokeTestMethod(TestInvoker.java:227)
	at org.testng.internal.invokers.MethodRunner.runInSequence(MethodRunner.java:50)
	at org.testng.internal.invokers.TestInvoker$MethodInvocationAgent.invoke(TestInvoker.java:957)
	at org.testng.internal.invokers.TestInvoker.invokeTestMethods(TestInvoker.java:200)
	at org.testng.internal.invokers.TestMethodWorker.invokeTestMethods(TestMethodWorker.java:148)
	at org.testng.internal.invokers.TestMethodWorker.run(TestMethodWorker.java:128)
	at java.base/java.util.ArrayList.forEach(ArrayList.java:1541)
	at org.testng.TestRunner.privateRun(TestRunner.java:848)
	at org.testng.TestRunner.run(TestRunner.java:621)
	at org.testng.SuiteRunner.runTest(SuiteRunner.java:443)
	at org.testng.SuiteRunner$SuiteWorker.run(SuiteRunner.java:481)
	at org.testng.internal.thread.ThreadUtil.lambda$execute$0(ThreadUtil.java:58)
	at java.base/java.util.concurrent.FutureTask.run(FutureTask.java:264)
	at java.base/java.util.concurrent.ThreadPoolExecutor.runWorker(ThreadPoolExecutor.java:1128)
	at java.base/java.util.concurrent.ThreadPoolExecutor$Worker.run(ThreadPoolExecutor.java:628)
	at java.base/java.lang.Thread.run(Thread.java:834)
]]></failure>
    <system-out><![CDATA[Entering email id: abc123@gmail.com
Entering password: Nailed@123
Clicking Login button...
]]></system-out>
  </testcase>
</testsuite>