<?xml version="1.0" encoding="UTF-8"?>
<!-- Generated by org.testng.reporters.JUnitXMLReporter -->
<testsuite ignored="0" hostname="Aishwaryas-MacBook-Pro.local" failures="1" tests="3" name="Open cart Home page Test" time="17.822" errors="0" timestamp="2025-09-28T23:27:16 PDT">
  <testcase classname="com.qa.opencart.test.LoginPageTest" name="loginPageNavigationTest" time="2.509"/>
  <testcase classname="com.qa.opencart.test.LoginPageTest" name="isForgotPasswordLinkExist" time="0.008"/>
  <testcase classname="com.qa.opencart.test.LoginPageTest" name="doLoginTest" time="3.584">
    <failure type="java.lang.AssertionError" message="expected [true] but found [false]">
      <![CDATA[java.lang.AssertionError: expected [true] but found [false]
at com.qa.opencart.test.LoginPageTest.doLoginTest(LoginPageTest.java:35)
at java.base/java.util.ArrayList.forEach(ArrayList.java:1541)
... Removed 35 stack frames]]>
    </failure>
  </testcase> <!-- doLoginTest -->
</testsuite> <!-- Open cart Home page Test -->
