<?xml version="1.0" encoding="UTF-8"?>
<!-- Generated by org.testng.reporters.JUnitXMLReporter -->
<testsuite ignored="0" hostname="Aishwaryas-MacBook-Pro.local" failures="0" tests="5" name="Open cart Home page Test on chromium" time="30.599" errors="0" timestamp="2025-10-02T13:50:45 PDT">
  <testcase classname="com.qa.opencart.test.HomePageTest" name="verifyUrlTest" time="0.154"/>
  <testcase classname="com.qa.opencart.test.HomePageTest" name="verifyTitleTest" time="0.298"/>
  <testcase classname="com.qa.opencart.test.HomePageTest" name="verifySearchTest" time="1.792"/>
  <testcase classname="com.qa.opencart.test.HomePageTest" name="verifySearchTest" time="0.948"/>
  <testcase classname="com.qa.opencart.test.HomePageTest" name="verifySearchTest" time="1.949"/>
</testsuite> <!-- Open cart Home page Test on chromium -->
