<?xml version="1.0" encoding="UTF-8"?>
<!-- Generated by org.testng.reporters.JUnitXMLReporter -->
<testsuite ignored="0" hostname="Aishwaryas-MacBook-Pro.local" failures="0" tests="5" name="Open cart Home page Test on chrome" time="29.499" errors="0" timestamp="2025-10-02T13:50:44 PDT">
  <testcase classname="com.qa.opencart.test.HomePageTest" name="verifyUrlTest" time="0.083"/>
  <testcase classname="com.qa.opencart.test.HomePageTest" name="verifyTitleTest" time="0.3"/>
  <testcase classname="com.qa.opencart.test.HomePageTest" name="verifySearchTest" time="2.005"/>
  <testcase classname="com.qa.opencart.test.HomePageTest" name="verifySearchTest" time="0.865"/>
  <testcase classname="com.qa.opencart.test.HomePageTest" name="verifySearchTest" time="1.869"/>
</testsuite> <!-- Open cart Home page Test on chrome -->
